<?xml version="1.0" encoding="UTF-8"?>
<testsuite xmlns:xsi="http://www.w3.org/2001/XMLSchema-instance" xsi:noNamespaceSchemaLocation="https://maven.apache.org/surefire/maven-surefire-plugin/xsd/surefire-test-report-3.0.xsd" version="3.0" name="com.plantparadisemarket.PlantParadiseMarketApplicationTests" time="7.985" tests="1" errors="0" skipped="0" failures="0">
  <properties>
[...]
</properties>
  <testcase name="contextLoads" classname="com.plantparadisemarket.PlantParadiseMarketApplicationTests" time="0.779">
    <system-out><![CDATA[21:40:20.519 [main] INFO org.springframework.test.context.support.AnnotationConfigContextLoaderUtils -- Could not detect default configuration classes for test class [com.plantparadisemarket.PlantParadiseMarketApplicationTests]: PlantParadiseMarketApplicationTests does not declare any static, non-private, non-final, nested classes annotated with @Configuration.
21:40:20.673 [main] INFO org.springframework.boot.test.context.SpringBootTestContextBootstrapper -- Found @SpringBootConfiguration com.plantparadisemarket.PlantParadiseMarketApplication for test class com.plantparadisemarket.PlantParadiseMarketApplicationTests

  .   ____          _            __ _ _
 /\\ / ___'_ __ _ _(_)_ __  __ _ \ \ \ \
( ( )\___ | '_ | '_| | '_ \/ _` | \ \ \ \
 \\/  ___)| |_)| | | | | || (_| |  ) ) ) )
  '  |____| .__|_| |_|_| |_\__, | / / / /
 =========|_|==============|___/=/_/_/_/
 :: Spring Boot ::                (v3.1.0)

2023-06-15T21:40:21.387+05:30  INFO 7124 --- [           main] c.p.PlantParadiseMarketApplicationTests  : Starting PlantParadiseMarketApplicationTests using Java 17.0.5 with PID 7124 (started by 1996s in C:\Users\1996s\OneDrive\Desktop\dangerous-powder-9842\PlantParadiseMarket_Backend\PlantParadiseMarket_Application)
2023-06-15T21:40:21.390+05:30  INFO 7124 --- [           main] c.p.PlantParadiseMarketApplicationTests  : No active profile set, falling back to 1 default profile: "default"
2023-06-15T21:40:22.404+05:30  INFO 7124 --- [           main] .s.d.r.c.RepositoryConfigurationDelegate : Bootstrapping Spring Data JPA repositories in DEFAULT mode.
2023-06-15T21:40:22.494+05:30  INFO 7124 --- [           main] .s.d.r.c.RepositoryConfigurationDelegate : Finished Spring Data repository scanning in 78 ms. Found 1 JPA repository interfaces.
2023-06-15T21:40:23.172+05:30  INFO 7124 --- [           main] o.hibernate.jpa.internal.util.LogHelper  : HHH000204: Processing PersistenceUnitInfo [name: default]
2023-06-15T21:40:23.249+05:30  INFO 7124 --- [           main] org.hibernate.Version                    : HHH000412: Hibernate ORM core version 6.2.2.Final
2023-06-15T21:40:23.252+05:30  INFO 7124 --- [           main] org.hibernate.cfg.Environment            : HHH000406: Using bytecode reflection optimizer
2023-06-15T21:40:23.519+05:30  INFO 7124 --- [           main] o.h.b.i.BytecodeProviderInitiator        : HHH000021: Bytecode provider name : bytebuddy
2023-06-15T21:40:23.703+05:30  INFO 7124 --- [           main] o.s.o.j.p.SpringPersistenceUnitInfo      : No LoadTimeWeaver setup: ignoring JPA class transformer
2023-06-15T21:40:23.735+05:30  INFO 7124 --- [           main] com.zaxxer.hikari.HikariDataSource       : HikariPool-1 - Starting...
2023-06-15T21:40:24.227+05:30  INFO 7124 --- [           main] com.zaxxer.hikari.pool.HikariPool        : HikariPool-1 - Added connection com.mysql.cj.jdbc.ConnectionImpl@54defd69
2023-06-15T21:40:24.230+05:30  INFO 7124 --- [           main] com.zaxxer.hikari.HikariDataSource       : HikariPool-1 - Start completed.
2023-06-15T21:40:24.303+05:30  INFO 7124 --- [           main] org.hibernate.orm.dialect                : HHH035001: Using dialect: org.hibernate.dialect.MySQLDialect, version: 8.0.32
2023-06-15T21:40:24.820+05:30  INFO 7124 --- [           main] o.h.b.i.BytecodeProviderInitiator        : HHH000021: Bytecode provider name : bytebuddy
2023-06-15T21:40:25.687+05:30  INFO 7124 --- [           main] o.h.e.t.j.p.i.JtaPlatformInitiator       : HHH000490: Using JtaPlatform implementation: [org.hibernate.engine.transaction.jta.platform.internal.NoJtaPlatform]
Hibernate: alter table orders modify column total_cost  float(53) not null
Hibernate: alter table plant modify column plant_cost  float(53) not null
Hibernate: alter table planter modify column planter_height  float(23) not null
Hibernate: alter table seed modify column seeds_cost  float(53) not null
2023-06-15T21:40:25.902+05:30  INFO 7124 --- [           main] j.LocalContainerEntityManagerFactoryBean : Initialized JPA EntityManagerFactory for persistence unit 'default'
2023-06-15T21:40:26.649+05:30  WARN 7124 --- [           main] JpaBaseConfiguration$JpaWebConfiguration : spring.jpa.open-in-view is enabled by default. Therefore, database queries may be performed during view rendering. Explicitly configure spring.jpa.open-in-view to disable this warning
2023-06-15T21:40:27.196+05:30  WARN 7124 --- [           main] .s.s.UserDetailsServiceAutoConfiguration : 

Using generated security password: e6d6adc5-abb4-4080-9867-ca8248e274c7

This generated password is for development use only. Your security configuration must be updated before running your application in production.

2023-06-15T21:40:27.375+05:30  INFO 7124 --- [           main] o.s.s.web.DefaultSecurityFilterChain     : Will secure any request with [org.springframework.security.web.session.DisableEncodeUrlFilter@20c55658, org.springframework.security.web.context.request.async.WebAsyncManagerIntegrationFilter@951053f, org.springframework.security.web.context.SecurityContextHolderFilter@6c04310f, org.springframework.security.web.header.HeaderWriterFilter@23f27434, org.springframework.security.web.csrf.CsrfFilter@333d5a0c, org.springframework.security.web.authentication.logout.LogoutFilter@21d478f3, org.springframework.security.web.authentication.UsernamePasswordAuthenticationFilter@41fe0d98, org.springframework.security.web.authentication.ui.DefaultLoginPageGeneratingFilter@5e1535e0, org.springframework.security.web.authentication.ui.DefaultLogoutPageGeneratingFilter@e196238, org.springframework.security.web.authentication.www.BasicAuthenticationFilter@472dc215, org.springframework.security.web.savedrequest.RequestCacheAwareFilter@28f7cca4, org.springframework.security.web.servletapi.SecurityContextHolderAwareRequestFilter@5a8d03ce, org.springframework.security.web.authentication.AnonymousAuthenticationFilter@6f45be6f, org.springframework.security.web.access.ExceptionTranslationFilter@5457123a, org.springframework.security.web.access.intercept.AuthorizationFilter@4505ec36]
2023-06-15T21:40:27.470+05:30  INFO 7124 --- [           main] c.p.PlantParadiseMarketApplicationTests  : Started PlantParadiseMarketApplicationTests in 6.56 seconds (process running for 8.415)
]]></system-out>
  </testcase>
</testsuite>